# JRE version: OpenJDK Runtime Environment Temurin-21.0.11+10 (21.0.11+10) (build 21.0.11+10-LTS)
# Java VM: OpenJDK 64-Bit Server VM Temurin-21.0.11+10 (21.0.11+10-LTS, mixed mode, sharing, tiered, compressed oops, compressed class ptrs, parallel gc, windows-amd64)
GC Precious Log:
 CardTable entry size: 512
 CPUs: 4 total, 4 available
 Memory: 16080M
 Large Page Support: Disabled
 NUMA Support: Disabled
 Compressed Oops: Enabled (32-bit)
 Alignments: Space 512K, Generation 512K, Heap 2M
 Heap Min Capacity: 100M
 Heap Initial Capacity: 100M
 Heap Max Capacity: 2G
 Pre-touch: Disabled
 Parallel Workers: 4
Heap:
 PSYoungGen      total 6144K, used 5362K [0x00000000d5580000, 0x00000000d5c80000, 0x0000000100000000)
  eden space 5120K, 94% used [0x00000000d5580000,0x00000000d5a349f8,0x00000000d5a80000)
  from space 1024K, 53% used [0x00000000d5b80000,0x00000000d5c08000,0x00000000d5c80000)
  to   space 1024K, 0% used [0x00000000d5a80000,0x00000000d5a80000,0x00000000d5b80000)
 ParOldGen       total 1204736K, used 1204427K [0x0000000080000000, 0x00000000c9880000, 0x00000000d5580000)
  object space 1204736K, 99% used [0x0000000080000000,0x00000000c9832d00,0x00000000c9880000)
 Metaspace       used 88616K, committed 90560K, reserved 1179648K
  class space    used 8939K, committed 9856K, reserved 1048576K
GC Heap History (20 events):
Event: 4277.373 GC heap before
{Heap before GC invocations=1773 (full 5):
 PSYoungGen      total 6656K, used 6048K [0x00000000d5580000, 0x00000000d5d80000, 0x0000000100000000)
  eden space 5632K, 100% used [0x00000000d5580000,0x00000000d5b00000,0x00000000d5b00000)
  from space 1024K, 40% used [0x00000000d5c00000,0x00000000d5c68000,0x00000000d5d00000)
  to   space 1024K, 0% used [0x00000000d5b00000,0x00000000d5b00000,0x00000000d5c00000)
 ParOldGen       total 1198592K, used 1198434K [0x0000000080000000, 0x00000000c9280000, 0x00000000d5580000)
  object space 1198592K, 99% used [0x0000000080000000,0x00000000c9258a28,0x00000000c9280000)
 Metaspace       used 88399K, committed 90368K, reserved 1179648K
  class space    used 8923K, committed 9856K, reserved 1048576K
}
Event: 4277.378 GC heap after
{Heap after GC invocations=1773 (full 5):
 PSYoungGen      total 6656K, used 717K [0x00000000d5580000, 0x00000000d5e80000, 0x0000000100000000)
  eden space 5632K, 0% used [0x00000000d5580000,0x00000000d5580000,0x00000000d5b00000)
  from space 1024K, 70% used [0x00000000d5b00000,0x00000000d5bb3650,0x00000000d5c00000)
  to   space 1024K, 0% used [0x00000000d5d80000,0x00000000d5d80000,0x00000000d5e80000)
 ParOldGen       total 1199104K, used 1198786K [0x0000000080000000, 0x00000000c9300000, 0x00000000d5580000)
  object space 1199104K, 99% used [0x0000000080000000,0x00000000c92b0a48,0x00000000c9300000)
 Metaspace       used 88399K, committed 90368K, reserved 1179648K
  class space    used 8923K, committed 9856K, reserved 1048576K
}
Event: 4277.441 GC heap before
{Heap before GC invocations=1774 (full 5):
 PSYoungGen      total 6656K, used 6349K [0x00000000d5580000, 0x00000000d5e80000, 0x0000000100000000)
  eden space 5632K, 100% used [0x00000000d5580000,0x00000000d5b00000,0x00000000d5b00000)
  from space 1024K, 70% used [0x00000000d5b00000,0x00000000d5bb3650,0x00000000d5c00000)
  to   space 1024K, 0% used [0x00000000d5d80000,0x00000000d5d80000,0x00000000d5e80000)
 ParOldGen       total 1199104K, used 1198786K [0x0000000080000000, 0x00000000c9300000, 0x00000000d5580000)
  object space 1199104K, 99% used [0x0000000080000000,0x00000000c92b0a48,0x00000000c9300000)
 Metaspace       used 88401K, committed 90368K, reserved 1179648K
  class space    used 8923K, committed 9856K, reserved 1048576K
}
Event: 4277.446 GC heap after
{Heap after GC invocations=1774 (full 5):
 PSYoungGen      total 6656K, used 999K [0x00000000d5580000, 0x00000000d5f00000, 0x0000000100000000)
  eden space 5632K, 0% used [0x00000000d5580000,0x00000000d5580000,0x00000000d5b00000)
  from space 1024K, 97% used [0x00000000d5d80000,0x00000000d5e79c60,0x00000000d5e80000)
  to   space 2048K, 0% used [0x00000000d5b00000,0x00000000d5b00000,0x00000000d5d00000)
 ParOldGen       total 1199616K, used 1199432K [0x0000000080000000, 0x00000000c9380000, 0x00000000d5580000)
  object space 1199616K, 99% used [0x0000000080000000,0x00000000c9352118,0x00000000c9380000)
 Metaspace       used 88401K, committed 90368K, reserved 1179648K
  class space    used 8923K, committed 9856K, reserved 1048576K
}
Event: 4277.458 GC heap before
{Heap before GC invocations=1775 (full 5):
 PSYoungGen      total 6656K, used 6631K [0x00000000d5580000, 0x00000000d5f00000, 0x0000000100000000)
  eden space 5632K, 100% used [0x00000000d5580000,0x00000000d5b00000,0x00000000d5b00000)
  from space 1024K, 97% used [0x00000000d5d80000,0x00000000d5e79c60,0x00000000d5e80000)
  to   space 2048K, 0% used [0x00000000d5b00000,0x00000000d5b00000,0x00000000d5d00000)
 ParOldGen       total 1199616K, used 1199432K [0x0000000080000000, 0x00000000c9380000, 0x00000000d5580000)
  object space 1199616K, 99% used [0x0000000080000000,0x00000000c9352118,0x00000000c9380000)
 Metaspace       used 88401K, committed 90368K, reserved 1179648K
  class space    used 8923K, committed 9856K, reserved 1048576K
}
Event: 4277.462 GC heap after
{Heap after GC invocations=1775 (full 5):
 PSYoungGen      total 7680K, used 592K [0x00000000d5580000, 0x00000000d5e00000, 0x0000000100000000)
  eden space 5632K, 0% used [0x00000000d5580000,0x00000000d5580000,0x00000000d5b00000)
  from space 2048K, 28% used [0x00000000d5b00000,0x00000000d5b94010,0x00000000d5d00000)
  to   space 1024K, 0% used [0x00000000d5d00000,0x00000000d5d00000,0x00000000d5e00000)
 ParOldGen       total 1200640K, used 1200439K [0x0000000080000000, 0x00000000c9480000, 0x00000000d5580000)
  object space 1200640K, 99% used [0x0000000080000000,0x00000000c944dca8,0x00000000c9480000)
 Metaspace       used 88401K, committed 90368K, reserved 1179648K
  class space    used 8923K, committed 9856K, reserved 1048576K
}
Event: 4277.496 GC heap before
{Heap before GC invocations=1776 (full 5):
 PSYoungGen      total 7680K, used 6224K [0x00000000d5580000, 0x00000000d5e00000, 0x0000000100000000)
  eden space 5632K, 100% used [0x00000000d5580000,0x00000000d5b00000,0x00000000d5b00000)
  from space 2048K, 28% used [0x00000000d5b00000,0x00000000d5b94010,0x00000000d5d00000)
  to   space 1024K, 0% used [0x00000000d5d00000,0x00000000d5d00000,0x00000000d5e00000)
 ParOldGen       total 1200640K, used 1200439K [0x0000000080000000, 0x00000000c9480000, 0x00000000d5580000)
  object space 1200640K, 99% used [0x0000000080000000,0x00000000c944dca8,0x00000000c9480000)
 Metaspace       used 88401K, committed 90368K, reserved 1179648K
  class space    used 8923K, committed 9856K, reserved 1048576K
}
Event: 4277.500 GC heap after
{Heap after GC invocations=1776 (full 5):
 PSYoungGen      total 6656K, used 685K [0x00000000d5580000, 0x00000000d5e00000, 0x0000000100000000)
  eden space 5632K, 0% used [0x00000000d5580000,0x00000000d5580000,0x00000000d5b00000)
  from space 1024K, 66% used [0x00000000d5d00000,0x00000000d5dab670,0x00000000d5e00000)
  to   space 1024K, 0% used [0x00000000d5c00000,0x00000000d5c00000,0x00000000d5d00000)
 ParOldGen       total 1201152K, used 1200939K [0x0000000080000000, 0x00000000c9500000, 0x00000000d5580000)
  object space 1201152K, 99% used [0x0000000080000000,0x00000000c94cacd8,0x00000000c9500000)
 Metaspace       used 88401K, committed 90368K, reserved 1179648K
  class space    used 8923K, committed 9856K, reserved 1048576K
}
Event: 4277.516 GC heap before
{Heap before GC invocations=1777 (full 5):
 PSYoungGen      total 6656K, used 6317K [0x00000000d5580000, 0x00000000d5e00000, 0x0000000100000000)
  eden space 5632K, 100% used [0x00000000d5580000,0x00000000d5b00000,0x00000000d5b00000)
  from space 1024K, 66% used [0x00000000d5d00000,0x00000000d5dab670,0x00000000d5e00000)
  to   space 1024K, 0% used [0x00000000d5c00000,0x00000000d5c00000,0x00000000d5d00000)
 ParOldGen       total 1201152K, used 1200939K [0x0000000080000000, 0x00000000c9500000, 0x00000000d5580000)
  object space 1201152K, 99% used [0x0000000080000000,0x00000000c94cacd8,0x00000000c9500000)
 Metaspace       used 88401K, committed 90368K, reserved 1179648K
  class space    used 8923K, committed 9856K, reserved 1048576K
}
Event: 4277.519 GC heap after
{Heap after GC invocations=1777 (full 5):
 PSYoungGen      total 6144K, used 512K [0x00000000d5580000, 0x00000000d5d80000, 0x0000000100000000)
  eden space 5632K, 0% used [0x00000000d5580000,0x00000000d5580000,0x00000000d5b00000)
  from space 512K, 100% used [0x00000000d5c00000,0x00000000d5c80000,0x00000000d5c80000)
  to   space 1024K, 0% used [0x00000000d5c80000,0x00000000d5c80000,0x00000000d5d80000)
 ParOldGen       total 1201664K, used 1201576K [0x0000000080000000, 0x00000000c9580000, 0x00000000d5580000)
  object space 1201664K, 99% used [0x0000000080000000,0x00000000c956a388,0x00000000c9580000)
 Metaspace       used 88401K, committed 90368K, reserved 1179648K
  class space    used 8923K, committed 9856K, reserved 1048576K
}
Event: 4277.917 GC heap before
{Heap before GC invocations=1778 (full 5):
 PSYoungGen      total 6144K, used 6144K [0x00000000d5580000, 0x00000000d5d80000, 0x0000000100000000)
  eden space 5632K, 100% used [0x00000000d5580000,0x00000000d5b00000,0x00000000d5b00000)
  from space 512K, 100% used [0x00000000d5c00000,0x00000000d5c80000,0x00000000d5c80000)
  to   space 1024K, 0% used [0x00000000d5c80000,0x00000000d5c80000,0x00000000d5d80000)
 ParOldGen       total 1201664K, used 1201576K [0x0000000080000000, 0x00000000c9580000, 0x00000000d5580000)
  object space 1201664K, 99% used [0x0000000080000000,0x00000000c956a388,0x00000000c9580000)
 Metaspace       used 88410K, committed 90368K, reserved 1179648K
  class space    used 8923K, committed 9856K, reserved 1048576K
}
Event: 4277.922 GC heap after
{Heap after GC invocations=1778 (full 5):
 PSYoungGen      total 6144K, used 1004K [0x00000000d5580000, 0x00000000d5f00000, 0x0000000100000000)
  eden space 5120K, 0% used [0x00000000d5580000,0x00000000d5580000,0x00000000d5a80000)
  from space 1024K, 98% used [0x00000000d5c80000,0x00000000d5d7b360,0x00000000d5d80000)
  to   space 2048K, 0% used [0x00000000d5a80000,0x00000000d5a80000,0x00000000d5c80000)
 ParOldGen       total 1202176K, used 1202080K [0x0000000080000000, 0x00000000c9600000, 0x00000000d5580000)
  object space 1202176K, 99% used [0x0000000080000000,0x00000000c95e82c8,0x00000000c9600000)
 Metaspace       used 88410K, committed 90368K, reserved 1179648K
  class space    used 8923K, committed 9856K, reserved 1048576K
}
Event: 4277.931 GC heap before
{Heap before GC invocations=1779 (full 5):
 PSYoungGen      total 6144K, used 6124K [0x00000000d5580000, 0x00000000d5f00000, 0x0000000100000000)
  eden space 5120K, 100% used [0x00000000d5580000,0x00000000d5a80000,0x00000000d5a80000)
  from space 1024K, 98% used [0x00000000d5c80000,0x00000000d5d7b360,0x00000000d5d80000)
  to   space 2048K, 0% used [0x00000000d5a80000,0x00000000d5a80000,0x00000000d5c80000)
 ParOldGen       total 1202176K, used 1202080K [0x0000000080000000, 0x00000000c9600000, 0x00000000d5580000)
  object space 1202176K, 99% used [0x0000000080000000,0x00000000c95e82c8,0x00000000c9600000)
 Metaspace       used 88410K, committed 90368K, reserved 1179648K
  class space    used 8923K, committed 9856K, reserved 1048576K
}
Event: 4277.935 GC heap after
{Heap after GC invocations=1779 (full 5):
 PSYoungGen      total 5632K, used 400K [0x00000000d5580000, 0x00000000d5d00000, 0x0000000100000000)
  eden space 5120K, 0% used [0x00000000d5580000,0x00000000d5580000,0x00000000d5a80000)
  from space 512K, 78% used [0x00000000d5a80000,0x00000000d5ae4010,0x00000000d5b00000)
  to   space 1024K, 0% used [0x00000000d5c00000,0x00000000d5c00000,0x00000000d5d00000)
 ParOldGen       total 1203200K, used 1203103K [0x0000000080000000, 0x00000000c9700000, 0x00000000d5580000)
  object space 1203200K, 99% used [0x0000000080000000,0x00000000c96e7e58,0x00000000c9700000)
 Metaspace       used 88410K, committed 90368K, reserved 1179648K
  class space    used 8923K, committed 9856K, reserved 1048576K
}
Event: 4277.955 GC heap before
{Heap before GC invocations=1780 (full 5):
 PSYoungGen      total 5632K, used 5520K [0x00000000d5580000, 0x00000000d5d00000, 0x0000000100000000)
  eden space 5120K, 100% used [0x00000000d5580000,0x00000000d5a80000,0x00000000d5a80000)
  from space 512K, 78% used [0x00000000d5a80000,0x00000000d5ae4010,0x00000000d5b00000)
  to   space 1024K, 0% used [0x00000000d5c00000,0x00000000d5c00000,0x00000000d5d00000)
 ParOldGen       total 1203200K, used 1203103K [0x0000000080000000, 0x00000000c9700000, 0x00000000d5580000)
  object space 1203200K, 99% used [0x0000000080000000,0x00000000c96e7e58,0x00000000c9700000)
 Metaspace       used 88410K, committed 90368K, reserved 1179648K
  class space    used 8923K, committed 9856K, reserved 1048576K
}
Event: 4277.962 GC heap after
{Heap after GC invocations=1780 (full 5):
 PSYoungGen      total 6144K, used 701K [0x00000000d5580000, 0x00000000d5d00000, 0x0000000100000000)
  eden space 5120K, 0% used [0x00000000d5580000,0x00000000d5580000,0x00000000d5a80000)
  from space 1024K, 68% used [0x00000000d5c00000,0x00000000d5caf660,0x00000000d5d00000)
  to   space 1024K, 0% used [0x00000000d5b00000,0x00000000d5b00000,0x00000000d5c00000)
 ParOldGen       total 1203712K, used 1203423K [0x0000000080000000, 0x00000000c9780000, 0x00000000d5580000)
  object space 1203712K, 99% used [0x0000000080000000,0x00000000c9737e78,0x00000000c9780000)
 Metaspace       used 88410K, committed 90368K, reserved 1179648K
  class space    used 8923K, committed 9856K, reserved 1048576K
}
Event: 4277.989 GC heap before
{Heap before GC invocations=1781 (full 5):
 PSYoungGen      total 6144K, used 5821K [0x00000000d5580000, 0x00000000d5d00000, 0x0000000100000000)
  eden space 5120K, 100% used [0x00000000d5580000,0x00000000d5a80000,0x00000000d5a80000)
  from space 1024K, 68% used [0x00000000d5c00000,0x00000000d5caf660,0x00000000d5d00000)
  to   space 1024K, 0% used [0x00000000d5b00000,0x00000000d5b00000,0x00000000d5c00000)
 ParOldGen       total 1203712K, used 1203423K [0x0000000080000000, 0x00000000c9780000, 0x00000000d5580000)
  object space 1203712K, 99% used [0x0000000080000000,0x00000000c9737e78,0x00000000c9780000)
 Metaspace       used 88410K, committed 90368K, reserved 1179648K
  class space    used 8923K, committed 9856K, reserved 1048576K
}
Event: 4277.996 GC heap after
{Heap after GC invocations=1781 (full 5):
 PSYoungGen      total 5632K, used 480K [0x00000000d5580000, 0x00000000d5c80000, 0x0000000100000000)
  eden space 5120K, 0% used [0x00000000d5580000,0x00000000d5580000,0x00000000d5a80000)
  from space 512K, 93% used [0x00000000d5b00000,0x00000000d5b78000,0x00000000d5b80000)
  to   space 1024K, 0% used [0x00000000d5b80000,0x00000000d5b80000,0x00000000d5c80000)
 ParOldGen       total 1204224K, used 1204063K [0x0000000080000000, 0x00000000c9800000, 0x00000000d5580000)
  object space 1204224K, 99% used [0x0000000080000000,0x00000000c97d7cb0,0x00000000c9800000)
 Metaspace       used 88410K, committed 90368K, reserved 1179648K
  class space    used 8923K, committed 9856K, reserved 1048576K
}
Event: 4278.038 GC heap before
{Heap before GC invocations=1782 (full 5):
 PSYoungGen      total 5632K, used 5600K [0x00000000d5580000, 0x00000000d5c80000, 0x0000000100000000)
  eden space 5120K, 100% used [0x00000000d5580000,0x00000000d5a80000,0x00000000d5a80000)
  from space 512K, 93% used [0x00000000d5b00000,0x00000000d5b78000,0x00000000d5b80000)
  to   space 1024K, 0% used [0x00000000d5b80000,0x00000000d5b80000,0x00000000d5c80000)
 ParOldGen       total 1204224K, used 1204063K [0x0000000080000000, 0x00000000c9800000, 0x00000000d5580000)
  object space 1204224K, 99% used [0x0000000080000000,0x00000000c97d7cb0,0x00000000c9800000)
 Metaspace       used 88417K, committed 90368K, reserved 1179648K
  class space    used 8923K, committed 9856K, reserved 1048576K
}
Event: 4278.046 GC heap after
{Heap after GC invocations=1782 (full 5):
 PSYoungGen      total 6144K, used 544K [0x00000000d5580000, 0x00000000d5c80000, 0x0000000100000000)
  eden space 5120K, 0% used [0x00000000d5580000,0x00000000d5580000,0x00000000d5a80000)
  from space 1024K, 53% used [0x00000000d5b80000,0x00000000d5c08000,0x00000000d5c80000)
  to   space 1024K, 0% used [0x00000000d5a80000,0x00000000d5a80000,0x00000000d5b80000)
 ParOldGen       total 1204736K, used 1204427K [0x0000000080000000, 0x00000000c9880000, 0x00000000d5580000)
  object space 1204736K, 99% used [0x0000000080000000,0x00000000c9832d00,0x00000000c9880000)
 Metaspace       used 88417K, committed 90368K, reserved 1179648K
  class space    used 8923K, committed 9856K, reserved 1048576K
}

